Number of components: 12
Number of edges: 3545
Number of nodes: 1458
Random jump factor: 0.15

PageRank of nodes, in descending order:
0.38490246869883116	10207721
0.0798123593449369	11775232
0.07664427906646844	12787320
0.06565412011412018	12876259
0.06543341921996179	8642164
0.06543341921996179	10541592
0.022243065356905952	8669492
0.019631298581866054	10940674
0.019110558404306102	10867785
0.01814728146553414	9619639
0.017780347052023582	9369084
0.01751858695145148	8947284
0.017389853792500246	9189032
0.01736314356422946	10912914
0.014313700196379741	7654074
0.013568100993495527	8710077
0.007030115990108688	8624096
0.006315480496377866	9270069
0.005483058046107216	8614504
0.004578540938551972	8624095
0.004554553124328679	8069300
0.0043051630672979145	10818505
0.004175481186345116	8848271
0.003781321084158211	11895043
0.003698203049948611	10329743
0.003606854274945631	8596269
0.003591324983304021	9347936
0.003337320735514898	11129109
0.0032487949059504767	10818499
0.0032487949059504767	9520006
0.0030850378275075587	10500259
0.0030850378275075587	10050959
0.0024333290163212956	8711797
0.002162676544193183	7824157
0.0012982405629765568	8786847
0.0012981891811239279	10998553
0.0010034872456853386	9626772
9.321198613019122E-4	8871590
8.562969272084686E-4	10436115
8.562969272084686E-4	10411341
8.305431107751831E-4	8128960
8.268553422768437E-4	7746463
7.318777163084914E-4	11676291
6.286945140826624E-4	9576554
6.286945140826624E-4	9218645
5.522951301387158E-4	11115331
5.522951301387158E-4	12411758
2.9007995979063624E-4	11790212
2.1190269013959264E-4	8797010
2.0666602979331532E-4	7486872
1.950173627371521E-4	9343467
1.9327817718864273E-4	9333264
1.6519502340647056E-4	7485228
1.4474864292318682E-4	8047278
1.4119232784169655E-4	8725748
1.4056540720137502E-4	7611715
1.2441921089997732E-4	12947160
5.2085849346946216E-5	10712207
4.6589545227682986E-5	11939894
4.459715913010783E-5	8644717
4.438149035948279E-5	9508150
3.602345707112305E-5	9222173
3.602345707112305E-5	7884953
3.518296697043322E-5	7487559
3.435655845197901E-5	9012418
2.808315378217218E-5	9718053
2.460726912438793E-5	7574468
2.389611905666673E-5	8525799
2.389611905666673E-5	8651641
9.795758455569627E-6	7847867
9.539396820509248E-6	8993479
7.544853308205209E-6	10489042
6.833519421217299E-6	9539409
6.1239876591476094E-6	10811879
6.1239876591476094E-6	9823831
6.1239876591476094E-6	8592548
6.1239876591476094E-6	9074396
5.840614895880218E-6	9674794
5.840614895880218E-6	8644745
4.94720043210896E-6	12355988
1.7690516082188692E-6	7818244
1.7211817519841779E-6	9290497
1.6652789257693802E-6	10910426
1.5249339681191047E-6	9307578
1.5210095349816944E-6	12433263
1.2874622077357533E-6	9052714
1.2394264428376168E-6	10609670
1.2394264428376168E-6	9674791
1.1003950504679716E-6	12053131
1.100262840323384E-6	10624576
6.096545122315202E-7	12451676
5.107259064264476E-7	9920359
3.4234304772022864E-7	9057170
3.259101581419052E-7	9831992
3.0968877681269965E-7	7668835
3.0073877128833316E-7	9382479
2.9646610985503257E-7	12552037
2.92600895785501E-7	11416775
2.92600895785501E-7	8826994
2.92600895785501E-7	10746604
2.830974153956269E-7	11376902
2.830974153956269E-7	11882744
2.1070249380488307E-7	9482681
9.321736359928682E-8	10682216
9.287709180213019E-8	12629906
8.394655499312744E-8	9831994
8.394655499312744E-8	9831993
8.394655499312744E-8	9831995
5.2647091688980994E-8	9529753
5.1222481633164994E-8	7944299
4.9742151934727606E-8	7703749
4.9742151934727606E-8	10668705
4.9742151934727606E-8	9785148
3.5819423695653115E-8	8618665
3.5819423695653115E-8	10430421
3.560993153480911E-8	10488446
2.3375731566331503E-8	10349334
1.5846951700754917E-8	8980016
1.0188151515013436E-8	7970216
8.70782181657605E-9	8825898
6.053688318467153E-9	8858181
4.574745551616962E-9	9877525
4.442535407029435E-9	11683989
3.9738743384102725E-9	10653281
1.710768224682897E-9	11535112
1.0460616100557662E-9	12788204
7.777067383213483E-10	10961427
2.9083059615669006E-10	11122949
0.0	10465706
0.0	9470130
0.0	11487050
0.0	9305342
0.0	12807963
0.0	10230703
0.0	9221767
0.0	11571321
0.0	12552038
0.0	12552039
0.0	12856536
0.0	12123847
0.0	11145984
0.0	11930162
0.0	11496365
0.0	11936239
0.0	12724118
0.0	12784029
0.0	10525138
0.0	10772123
0.0	9822164
0.0	7891887
0.0	8557181
0.0	7810577
0.0	8983040
0.0	9425904
0.0	11732920
0.0	11531831
0.0	8273205
0.0	8786396
0.0	11448080
0.0	10670439
0.0	9174000
0.0	11769625
0.0	12363410
0.0	9237487
0.0	11860878
0.0	7898715
0.0	10818140
0.0	9041854
0.0	8648892
0.0	9298817
0.0	7532337
0.0	10873585
0.0	12076977
0.0	8880693
0.0	10777685
0.0	8309625
0.0	7773573
0.0	10501208
0.0	9424665
0.0	10490274
0.0	9878186
0.0	8175773
0.0	7891889
0.0	9052712
0.0	12459519
0.0	7473659
0.0	14511323
0.0	7728146
0.0	9126060
0.0	8786385
0.0	12876265
0.0	12637119
0.0	12111439
0.0	10208278
0.0	10352866
0.0	8786379
0.0	9596412
0.0	11769703
0.0	9175590
0.0	12167762
0.0	10738542
0.0	7818636
0.0	7977635
0.0	8526475
0.0	8526476
0.0	11702052
0.0	8906609
0.0	8833436
0.0	11889238
0.0	11882522
0.0	12782345
0.0	8773602
0.0	10212558
0.0	8733730
0.0	12864777
0.0	10737125
0.0	10213175
0.0	8295635
0.0	10737120
0.0	9916507
0.0	9562306
0.0	11293821
0.0	8656943
0.0	8656944
0.0	11312553
0.0	11182472
0.0	9153464
0.0	10462111
0.0	11553788
0.0	9863603
0.0	9826113
0.0	10994644
0.0	9506546
0.0	8042228
0.0	8816305
0.0	7920638
0.0	9651008
0.0	8544899
0.0	9597090
0.0	7936253
0.0	10591674
0.0	11848621
0.0	12230301
0.0	12128082
0.0	11849755
0.0	10505604
0.0	10364643
0.0	11476599
0.0	9854388
0.0	10194255
0.0	10364641
0.0	10364640
0.0	8624080
0.0	9862571
0.0	9701675
0.0	11743951
0.0	7710374
0.0	7710373
0.0	12230303
0.0	12555245
0.0	12875979
0.0	12580702
0.0	11069947
0.0	9469259
0.0	10360679
0.0	11377835
0.0	11172628
0.0	10088051
0.0	8823200
0.0	10208640
0.0	9631384
0.0	12885570
0.0	10081980
0.0	8679539
0.0	8980023
0.0	8939277
0.0	10431657
0.0	12885574
0.0	11044587
0.0	7968026
0.0	10213152
0.0	11378846
0.0	9302273
0.0	11513353
0.0	8937829
0.0	8139083
0.0	9701681
0.0	9102150
0.0	8624076
0.0	11320185
0.0	9844031
0.0	9836756
0.0	8624079
0.0	8624078
0.0	12105308
0.0	9445249
0.0	9067471
0.0	7700444
0.0	8682647
0.0	12161276
0.0	11565608
0.0	12609489
0.0	8773610
0.0	11912108
0.0	12067591
0.0	9876966
0.0	9066369
0.0	9066363
0.0	12115887
0.0	9876967
0.0	7970208
0.0	8791246
0.0	11755017
0.0	8872415
0.0	10502286
0.0	10918055
0.0	12541014
0.0	11591456
0.0	12882964
0.0	10934557
0.0	8648331
0.0	10400250
0.0	8624098
0.0	9066358
0.0	8624097
0.0	11774713
0.0	12105373
0.0	7814023
0.0	11255448
0.0	8624094
0.0	12419536
0.0	12812866
0.0	9777946
0.0	8559364
0.0	12391602
0.0	12658281
0.0	11113336
0.0	8872419
0.0	10952022
0.0	9697689
0.0	12657430
0.0	10366621
0.0	12112161
0.0	11483304
0.0	9447442
0.0	11755000
0.0	11755001
0.0	10713392
0.0	7617191
0.0	9834545
0.0	9040748
0.0	9447448
0.0	11734357
0.0	10885540
0.0	11925775
0.0	10681402
0.0	8596645
0.0	9708953
0.0	11311545
0.0	9850873
0.0	12634421
0.0	9990558
0.0	12111863
0.0	9628766
0.0	9224523
0.0	9070638
0.0	10567488
0.0	8525796
0.0	11255440
0.0	11143490
0.0	10766403
0.0	10172880
0.0	10851367
0.0	8820179
0.0	9198315
0.0	9073034
0.0	8929997
0.0	7970234
0.0	11305015
0.0	8730823
0.0	12374623
0.0	11861652
0.0	9566379
0.0	9461617
0.0	8177532
0.0	8841664
0.0	7637575
0.0	9751198
0.0	10231806
0.0	9073026
0.0	9751196
0.0	8659934
0.0	8859062
0.0	12077215
0.0	9383026
0.0	10854768
0.0	10400221
0.0	9366728
0.0	11076057
0.0	9520135
0.0	8878109
0.0	11743999
0.0	8890795
0.0	12006218
0.0	11017931
0.0	8756999
0.0	9920995
0.0	10867779
0.0	11007687
0.0	12826741
0.0	9837937
0.0	7972031
0.0	9855543
0.0	9335533
0.0	8905608
0.0	7619525
0.0	10501193
0.0	7566652
0.0	7539827
0.0	8890599
0.0	11132184
0.0	9164326
0.0	7534068
0.0	9327723
0.0	14574626
0.0	11940689
0.0	7615568
0.0	11035488
0.0	11378247
0.0	11358444
0.0	10027555
0.0	11122698
0.0	11904138
0.0	10436064
0.0	10891924
0.0	10027548
0.0	10501182
0.0	9086466
0.0	9125318
0.0	10027549
0.0	9008509
0.0	10694577
0.0	7696597
0.0	9566384
0.0	11940690
0.0	9532343
0.0	11642543
0.0	10448801
0.0	8881379
0.0	9130294
0.0	12824768
0.0	8867021
0.0	10192209
0.0	9341932
0.0	9280168
0.0	9280167
0.0	10685028
0.0	9427340
0.0	8780111
0.0	10822352
0.0	11193147
0.0	11315514
0.0	9325076
0.0	10192208
0.0	9880043
0.0	10559561
0.0	8811124
0.0	8649552
0.0	10571241
0.0	8938267
0.0	9074395
0.0	10852539
0.0	11458997
0.0	11193808
0.0	11193807
0.0	11443731
0.0	11074789
0.0	12384789
0.0	12930057
0.0	9625186
0.0	12182886
0.0	8076181
0.0	11240021
0.0	12074828
0.0	10192210
0.0	11070505
0.0	11701639
0.0	7815043
0.0	10775884
0.0	9782459
0.0	9811931
0.0	7646655
0.0	11256794
0.0	7952845
0.0	12402229
0.0	8154882
0.0	9327086
0.0	10559556
0.0	7729825
0.0	9083560
0.0	11222634
0.0	7763336
0.0	11482130
0.0	9568731
0.0	8843827
0.0	10402500
0.0	8843828
0.0	10401448
0.0	11273064
0.0	12232782
0.0	11444802
0.0	9292886
0.0	11095526
0.0	10525981
0.0	11722612
0.0	10861213
0.0	7525898
0.0	8912482
0.0	12145452
0.0	8841967
0.0	8674441
0.0	8521945
0.0	11231028
0.0	8692753
0.0	12957499
0.0	8158809
0.0	12682309
0.0	7695621
0.0	12117549
0.0	8996815
0.0	12468034
0.0	12957490
0.0	8682150
0.0	11425005
0.0	9137113
0.0	7676127
0.0	8726148
0.0	8841971
0.0	10604441
0.0	7853720
0.0	10840275
0.0	8825894
0.0	10604440
0.0	11673588
0.0	11470958
0.0	10461029
0.0	8309588
0.0	10629142
0.0	8309587
0.0	12163621
0.0	11327877
0.0	11369806
0.0	11715112
0.0	9559926
0.0	9521254
0.0	12873803
0.0	9754236
0.0	9018389
0.0	11576650
0.0	11125748
0.0	7609909
0.0	10320795
0.0	12417380
0.0	10381540
0.0	8830319
0.0	8313935
0.0	10563653
0.0	10076900
0.0	11378241
0.0	12042316
0.0	11305869
0.0	8709704
0.0	8709703
0.0	7755355
0.0	7639323
0.0	10634455
0.0	7675243
0.0	9258256
0.0	10421878
0.0	12417379
0.0	7761390
0.0	12411763
0.0	9619150
0.0	11596149
0.0	8620924
0.0	12037434
0.0	9386782
0.0	7937774
0.0	12901842
0.0	11825674
0.0	12379263
0.0	10322238
0.0	10984073
0.0	12480755
0.0	12392781
0.0	11493026
0.0	11705626
0.0	11302074
0.0	9024330
0.0	8632164
0.0	9106747
0.0	8632166
0.0	7715296
0.0	9598682
0.0	9184634
0.0	10910416
0.0	8203459
0.0	7846048
0.0	8830309
0.0	10765057
0.0	9403708
0.0	11553277
0.0	10785619
0.0	10422994
0.0	9015824
0.0	7488135
0.0	12944519
0.0	7751846
0.0	8858183
0.0	11592113
0.0	8931004
0.0	7654070
0.0	8971103
0.0	12459889
0.0	11869551
0.0	8527231
0.0	8047277
0.0	10454160
0.0	11898555
0.0	9225693
0.0	7922348
0.0	7910910
0.0	9003062
0.0	11303757
0.0	7583250
0.0	9003067
0.0	11934472
0.0	7721816
0.0	12405544
0.0	12782758
0.0	8955927
0.0	9539408
0.0	8622392
0.0	12405546
0.0	12917433
0.0	8846237
0.0	8687416
0.0	8846238
0.0	7876895
0.0	12392766
0.0	9781520
0.0	9848808
0.0	10190820
0.0	11336076
0.0	9258912
0.0	10592634
0.0	7853700
0.0	10599813
0.0	10413465
0.0	11941486
0.0	10998477
0.0	8161573
0.0	9572591
0.0	12533085
0.0	10592684
0.0	9246676
0.0	11060356
0.0	10528114
0.0	10592690
0.0	12231459
0.0	12413003
0.0	12031891
0.0	8892351
0.0	9774779
0.0	8774959
0.0	9678319
0.0	10599878
0.0	11863377
0.0	7673184
0.0	9523562
0.0	11770221
0.0	11807900
0.0	9886074
0.0	9572586
0.0	9524800
0.0	9678311
0.0	8815160
0.0	7909036
0.0	10899434
0.0	12714797
0.0	11445269
0.0	7738980
0.0	10855603
0.0	9514597
0.0	9214529
0.0	11578751
0.0	12095226
0.0	7849527
0.0	12507910
0.0	8128961
0.0	12676346
0.0	9169250
0.0	9003488
0.0	7585009
0.0	8890929
0.0	10970054
0.0	9852204
0.0	12376533
0.0	14501024
0.0	9667569
0.0	11087769
0.0	11087768
0.0	11578777
0.0	9740113
0.0	11333435
0.0	10206226
0.0	9704150
0.0	12573540
0.0	11746653
0.0	9786612
0.0	8083687
0.0	12951205
0.0	8083686
0.0	8083685
0.0	12160362
0.0	12670700
0.0	12637699
0.0	8649585
0.0	10846860
0.0	7574461
0.0	9669695
0.0	12000192
0.0	11804704
0.0	8813351
0.0	9681640
0.0	8631862
0.0	12928512
0.0	8013374
0.0	11409442
0.0	9681639
0.0	11408299
0.0	8834536
0.0	12475089
0.0	8651653
0.0	10959835
0.0	12722493
0.0	11435901
0.0	9213859
0.0	8987775
0.0	8940032
0.0	8619535
0.0	9743563
0.0	9848097
0.0	8804040
0.0	9017530
0.0	11248079
0.0	9098525
0.0	11430905
0.0	7776813
0.0	12116196
0.0	12581343
0.0	11893773
0.0	8525803
0.0	10071711
0.0	10071712
0.0	9667603
0.0	7542371
0.0	9853706
0.0	7550352
0.0	9520001
0.0	7579137
0.0	9213069
0.0	9339270
0.0	11436129
0.0	12971913
0.0	9630508
0.0	10944562
0.0	10766998
0.0	9454617
0.0	9756330
0.0	11113612
0.0	11936240
0.0	9350853
0.0	12453673
0.0	10718322
0.0	10026381
0.0	12453676
0.0	9780089
0.0	11375142
0.0	8058160
0.0	9369317
0.0	9733229
0.0	11523146
0.0	11405810
0.0	9736756
0.0	11589913
0.0	12384263
0.0	12451108
0.0	11157409
0.0	9502209
0.0	7888092
0.0	9089676
0.0	10912918
0.0	8572669
0.0	10705163
0.0	10744589
0.0	12205106
0.0	8899655
0.0	9018400
0.0	11387943
0.0	9583189
0.0	9051750
0.0	10030402
0.0	9219743
0.0	11273849
0.0	10835442
0.0	10936884
0.0	9048759
0.0	10936881
0.0	10822427
0.0	10936880
0.0	12890772
0.0	11589917
0.0	7706948
0.0	9763475
0.0	9812182
0.0	10601411
0.0	9292870
0.0	7770005
0.0	10799751
0.0	11890488
0.0	10936886
0.0	11165374
0.0	10369305
0.0	7713402
0.0	11360807
0.0	9468467
0.0	10419818
0.0	12067484
0.0	8725895
0.0	10474059
0.0	7847865
0.0	9869645
0.0	10197814
0.0	9316155
0.0	11598497
0.0	11099722
0.0	10428071
0.0	7879604
0.0	7823376
0.0	11756600
0.0	9173910
0.0	12876550
0.0	10936878
0.0	10936877
0.0	8757051
0.0	10369830
0.0	9693262
0.0	9113034
0.0	8941642
0.0	12142731
0.0	9153643
0.0	7818703
0.0	9696068
0.0	9855862
0.0	9637403
0.0	7824200
0.0	12391598
0.0	9125900
0.0	12559836
0.0	12722978
0.0	9682830
0.0	8602063
0.0	7700596
0.0	7700597
0.0	7816154
0.0	8042921
0.0	12559837
0.0	7969426
0.0	10946021
0.0	14512715
0.0	12471457
0.0	9562469
0.0	7644022
0.0	9562467
0.0	12946703
0.0	11816794
0.0	9705582
0.0	12495082
0.0	10687744
0.0	8940294
0.0	8183036
0.0	11264988
0.0	8633046
0.0	11840304
0.0	7847069
0.0	9743577
0.0	8554056
0.0	9743578
0.0	9635475
0.0	8618881
0.0	9596222
0.0	9030704
0.0	11125144
0.0	8961669
0.0	11403971
0.0	7969418
0.0	12962909
0.0	9471175
0.0	10593300
0.0	9622609
0.0	8123007
0.0	11123907
0.0	10867200
0.0	11816789
0.0	10593304
0.0	11816788
0.0	11769724
0.0	11347179
0.0	11816786
0.0	10534156
0.0	10749663
0.0	11338204
0.0	12657895
0.0	9929679
0.0	7603172
0.0	11501342
0.0	10766901
0.0	9307262
0.0	10867214
0.0	12393935
0.0	7696609
0.0	10867209
0.0	10637934
0.0	10637933
0.0	9658938
0.0	12465441
0.0	9329722
0.0	9605496
0.0	9929677
0.0	11698153
0.0	12928915
0.0	7700578
0.0	11442298
0.0	12147333
0.0	9148246
0.0	9549720
0.0	10372566
0.0	10818513
0.0	9708864
0.0	10854569
0.0	9307253
0.0	10818510
0.0	7818249
0.0	11045665
0.0	11015454
0.0	10394937
0.0	10732806
0.0	11992623
0.0	10947802
0.0	9143266
0.0	10636159
0.0	8712790
0.0	9929680
0.0	10816430
0.0	9143263
0.0	12399018
0.0	10643890
0.0	9236226
0.0	8912490
0.0	8867586
0.0	8993478
0.0	10671320
0.0	9409253
0.0	10794857
0.0	8871952
0.0	9547165
0.0	10559559
0.0	9592052
0.0	8558171
0.0	11445256
0.0	9772023
0.0	8977148
0.0	11778650
0.0	8993481
0.0	8854306
0.0	12490529
0.0	8993483
0.0	10818507
0.0	8803820
0.0	8993485
0.0	8993489
0.0	9591838
0.0	9831633
0.0	11177205
0.0	12077730
0.0	11113217
0.0	10920030
0.0	12646385
0.0	11120597
0.0	9328480
0.0	8864947
0.0	9689449
0.0	9484359
0.0	8803817
0.0	12849539
0.0	9033259
0.0	9033257
0.0	9219874
0.0	12365882
0.0	8128315
0.0	10858588
0.0	9627181
0.0	7670501
0.0	8747858
0.0	10570509
0.0	10671644
0.0	11574101
0.0	10408574
0.0	14507342
0.0	9178861
0.0	11516561
0.0	11741391
0.0	11060007
0.0	11721146
0.0	8050887
0.0	9224643
0.0	8848934
0.0	9620064
0.0	10935434
0.0	7783958
0.0	11464462
0.0	9647321
0.0	7619017
0.0	12668899
0.0	11425936
0.0	12951193
0.0	7755725
0.0	12192621
0.0	9223597
0.0	8089103
0.0	9546293
0.0	11988340
0.0	12192623
0.0	12237848
0.0	9588907
0.0	8890772
0.0	10570512
0.0	9484353
0.0	7581381
0.0	7783963
0.0	10818534
0.0	12490540
0.0	9422368
0.0	7977363
0.0	8058125
0.0	11711225
0.0	7951676
0.0	7951679
0.0	12950448
0.0	11071064
0.0	8744402
0.0	12642767
0.0	10089003
0.0	8726460
0.0	10771168
0.0	11067868
0.0	8710175
0.0	8829725
0.0	11899259
0.0	9486483
0.0	8071310
0.0	9152721
0.0	9559653
0.0	10587578
0.0	9925654
0.0	9218507
0.0	9647302
0.0	9862642
0.0	10823584
0.0	10815129
0.0	10079115
0.0	9831815
0.0	8744405
0.0	9412500
0.0	10638195
0.0	11716140
0.0	9265639
0.0	14501016
0.0	10818526
0.0	11354629
0.0	8082773
0.0	9386771
0.0	12810610
0.0	8636429
0.0	11971084
0.0	10767725
0.0	11711530
0.0	12049183
0.0	9340870
0.0	11715411
0.0	9340872
0.0	7649988
0.0	9187933
0.0	7724603
0.0	12582468
0.0	7582040
0.0	7595642
0.0	8786409
0.0	10403716
0.0	8602762
0.0	12394840
0.0	7668834
0.0	12095653
0.0	10027417
0.0	9804121
0.0	12548360
0.0	10391478
0.0	12214015
0.0	8683540
0.0	10494348
0.0	8040342
0.0	11920850
0.0	10025785
0.0	7992850
0.0	11527492
0.0	12212789
0.0	12507914
0.0	11166730
0.0	9728943
0.0	7964823
0.0	10195399
0.0	9326295
0.0	7481373
0.0	9577654
0.0	7612383
0.0	8044413
0.0	8741397
0.0	8546162
0.0	11058789
0.0	10413774
0.0	11447828
0.0	12226532
0.0	9460714
0.0	11447827
0.0	12581338
0.0	9165306
0.0	10860300
0.0	12607822
0.0	7526899
0.0	10806314
0.0	10428074
0.0	9700208
0.0	11299424
0.0	10869806
0.0	11068149
0.0	12709467
0.0	10507547
0.0	11556686
0.0	10483785
0.0	12433260
0.0	8075630
0.0	9549589
0.0	9285479
0.0	9740234
0.0	9341576
0.0	10626834
0.0	9013407
0.0	11844869
0.0	11774719
0.0	9221969
0.0	12556576
0.0	9129729
0.0	10699053
0.0	9129962
0.0	12495080
0.0	11835377
0.0	10953177
0.0	7802679
0.0	10599773
0.0	8544551
0.0	10362893
0.0	12755040
0.0	8075646
0.0	10430422
0.0	9129722
0.0	11212354
0.0	11290387
0.0	10411671
0.0	10354518
0.0	7857652
0.0	9721442
0.0	9710033
0.0	9436726
0.0	9436725
0.0	9181358
0.0	10619631
0.0	11357958
0.0	11698154
0.0	9593678
0.0	12806589
0.0	9014911
0.0	9100668
0.0	9181359
0.0	7765750
0.0	12811635
0.0	11901276
0.0	11673590
0.0	12833577
0.0	11950276
0.0	8185566
0.0	11173882
0.0	11041282
0.0	10336256
0.0	12614344
0.0	7821387
0.0	9121705
0.0	8624107
0.0	9621997
0.0	11408727
0.0	8530010
0.0	10487843
0.0	7672107
0.0	10818508
0.0	10487842
0.0	12030413
0.0	10625715
0.0	11454984
0.0	11016543
0.0	11851296
0.0	8171342
0.0	8035940
0.0	12457072
0.0	8086986
0.0	10801051
0.0	12007670
0.0	7841371
0.0	7664194
0.0	10219785
0.0	10737615
0.0	11738469
0.0	12498968
0.0	9349544
0.0	9486747
0.0	11216203
0.0	8761338
0.0	9006661
0.0	9486746
0.0	11790235
0.0	8762193
0.0	10656299
0.0	8804993
0.0	10939571
0.0	12015813
0.0	8869295
0.0	14521991
0.0	11123940
0.0	8039724
0.0	9672379
0.0	8070517
0.0	9300650
0.0	9058415
0.0	12834112
0.0	8669075
0.0	7592957
0.0	12614323
0.0	8741132
0.0	10078062
0.0	8731381
0.0	9017975
0.0	8744406
0.0	12935416
0.0	11986126
0.0	10912224
0.0	12584430
0.0	7566008
0.0	7595656
0.0	8576504
0.0	11173876
0.0	11464464
0.0	12169205
0.0	7566000
0.0	8751868
0.0	7944308
0.0	11257253
0.0	7783869
0.0	9603433
0.0	10534164
0.0	10611368
0.0	11558492
0.0	7540552
0.0	8915608
0.0	10980578
0.0	9147873
0.0	7740560
0.0	10558867
0.0	10190327
0.0	11447826
0.0	11421127
0.0	12566177
0.0	12536572
0.0	9048987
0.0	8702415
0.0	9370233
0.0	8652146
0.0	11940706
0.0	10439444
0.0	8811505
0.0	8676723
0.0	10961667
0.0	7717688
0.0	7914580
0.0	10399868
0.0	8618855
0.0	11343827
0.0	8173818
0.0	12486146
0.0	7474917
0.0	8958361
0.0	8891070
0.0	10488949
0.0	8158175
0.0	9700655
0.0	10737693
0.0	10775535
0.0	9295092
0.0	9411578
0.0	8761956
0.0	11408789
0.0	9147408
0.0	9767914
0.0	12226533
0.0	11110974
0.0	11710891
0.0	9791536
0.0	10214736
0.0	11285089
0.0	8024269
0.0	9547235
0.0	12226534
0.0	11723294
0.0	11739991
0.0	10652986
0.0	10487844
0.0	9221977
0.0	9649761
0.0	8290946
0.0	8710076
0.0	10534256
0.0	10066860
0.0	9633759
0.0	7936857
0.0	9665654
0.0	9932417
0.0	12957508
0.0	10679292
0.0	9222170
0.0	9520072
0.0	10412731
0.0	8172944
0.0	9482248
0.0	10369887
0.0	9536100
0.0	12809979
0.0	11844476
0.0	12135350
0.0	10420066
0.0	9329486
0.0	11173875
0.0	10432380
0.0	12580698
0.0	11173877
0.0	11822882
0.0	11790634
0.0	9326451
0.0	10022033
0.0	11325345
0.0	11684351
0.0	8951889
0.0	7605379
0.0	11281316
0.0	10880397
0.0	9467014
0.0	8014966
0.0	9700658
0.0	9329686
0.0	9875528
0.0	11343837
0.0	8929157
0.0	9121226
0.0	10526094
0.0	10886308
0.0	8832646
0.0	10737598
0.0	8740984
0.0	11835370
0.0	10367700
0.0	9524247
0.0	10079962
0.0	11706973
0.0	12761223
0.0	11930145
0.0	11122341
0.0	9470136
0.0	12023056
0.0	11987699
0.0	12011307
0.0	9185685
0.0	11259129
0.0	8782820
0.0	9211985
0.0	9660395
0.0	9718052
0.0	7700274
0.0	9527138
0.0	9482249
0.0	10898905
0.0	10668701
0.0	10325447
0.0	12618306
0.0	10208564
0.0	9329691
0.0	9786245
0.0	9153523
0.0	7478253
0.0	7810590
0.0	12901781
0.0	8691961
0.0	9494696
0.0	9536099
0.0	11072138
0.0	7824144
0.0	10338292
0.0	8875468
0.0	12507771
0.0	7568158
0.0	9853024
0.0	9153535
0.0	9398632
0.0	10319883
0.0	11980062
0.0	12123862
0.0	11893834
0.0	12525890
0.0	9547474
0.0	10797593
0.0	11684342
0.0	9259370
0.0	10582625
0.0	7891871
0.0	10668702
0.0	10186439
0.0	11005255
0.0	11893839
0.0	11161595
0.0	11032626
0.0	11684904
0.0	10668703
