Number of components: 12
Number of edges: 3545
Number of nodes: 1458
Random jump factor: 0.15

PageRank of nodes, in descending order:
0.4371879735364048	9627181
0.10005592583164764	8618855
0.09015358380232096	8980023
0.0770543452086982	12135350
0.07432195498002014	9562469
0.07432195498002014	10027417
0.017492030812021227	9547235
0.01607288381081424	9880043
0.014019132811474969	8070517
0.013099238593622756	11122341
0.012634782265352983	11741391
0.01263473225800475	10381540
0.005706035445869533	11476599
0.00406103515038739	12609489
0.0034787247347992725	10912914
0.003376888650970499	9460714
0.00302831885570816	9777946
0.0029736452171914827	11578777
0.0029736452171914827	12950448
0.00273239022867805	11068149
0.002476551099941833	12486146
0.0023833220368031757	11596149
0.0023833220368031757	7695621
0.002147904468799033	7637575
0.002147904468799033	9751198
0.002147904468799033	10501208
0.002147904468799033	11711530
0.002147904468799033	9422368
0.0016604019897204217	12901842
0.0011104909033778205	9265639
9.700260189956964E-4	12077215
8.101408052370481E-4	14521991
7.92111541449866E-4	10936880
7.044990314832437E-4	12451108
6.903759707247252E-4	12392781
6.475487220167238E-4	11950276
5.740710666394199E-4	11483304
5.740710666394199E-4	8875468
4.2101368403783227E-4	10818140
4.176189901643795E-4	7847069
4.17604021345658E-4	10559559
4.051647434153986E-4	11293821
4.051647434153986E-4	7525898
3.347189135768582E-4	10694577
2.5905441312128576E-4	9003062
2.460999091944442E-4	10816430
2.2790061555281937E-4	10611368
2.0572860125225466E-4	10852539
2.0036452142644957E-4	11070505
1.9592479802904813E-4	10413465
1.197648345123229E-4	10413774
1.1736391420021101E-4	12076977
1.1736391420021101E-4	12507771
1.1736391420021101E-4	12031891
1.1536965286094407E-4	9520006
9.759208064435534E-5	9224523
9.759208064435534E-5	9651008
9.759208064435534E-5	8786385
9.759208064435534E-5	7876895
9.564531928135004E-5	12419536
7.700840514862315E-5	8890772
7.386141710851006E-5	8811505
7.326027550772925E-5	9098525
7.317222363227939E-5	10364641
7.310805045872963E-5	11444802
7.099268313093908E-5	9878186
5.5002808536111726E-5	11045665
4.674087230302729E-5	8040342
4.403924992180157E-5	9211985
4.1836984269681476E-5	9412500
3.985250299165756E-5	11848621
3.8155891870992095E-5	8669492
3.497386196763554E-5	12944519
3.406196840364325E-5	10502286
3.406196840364325E-5	9886074
3.293940271519435E-5	10867785
2.20396184241221E-5	12411758
2.0404301666412922E-5	8596645
2.0097841266844043E-5	12787320
1.961284084882915E-5	11115331
1.7775531593743775E-5	9040748
1.6259704163811304E-5	10718322
1.6171534517581104E-5	12471457
1.598314613034282E-5	8834536
1.4719294426606277E-5	7824200
1.4568361295027814E-5	8648331
1.442299648371212E-5	8791246
1.4275162307707457E-5	8841967
1.3335283183486187E-5	9121705
1.332380996181516E-5	8841664
1.2820826568375966E-5	12552038
1.2439277930259408E-5	10208278
1.242836849083245E-5	11343827
1.242836849083245E-5	9669695
1.2086199994899504E-5	8624096
9.590255350325763E-6	10483785
9.21702336415757E-6	8830309
7.945948235795154E-6	8624076
7.945948235795154E-6	12015813
7.486672434207369E-6	7721816
7.005421265938827E-6	9189032
6.4865015725832904E-6	11895043
5.79053458801431E-6	10428074
5.599698422316214E-6	10818499
5.04505642080885E-6	7654074
4.861983477336564E-6	12049183
3.979262994288876E-6	10818505
3.8081368973986784E-6	7566000
3.2100442672711483E-6	10912918
3.0621070742385265E-6	11281316
3.021840349746357E-6	7824144
2.9971796017581223E-6	9647302
2.8687339775709824E-6	7595642
2.734939852031834E-6	8846238
2.711078951718763E-6	10840275
2.628551688237236E-6	9728943
2.62371339541832E-6	9678319
2.5288550924245814E-6	7841371
2.4766214027878885E-6	9524800
2.465200126217539E-6	10487843
2.4519093850375094E-6	9329686
2.40399880670412E-6	8203459
2.244403769365272E-6	7675243
2.1795405013402984E-6	14507342
2.1128226286257467E-6	9822164
1.8127192876459723E-6	7992850
1.6803507463551456E-6	12379263
1.6149551313676857E-6	8731381
1.350811190612862E-6	9461617
1.350811190612862E-6	11123940
1.350811190612862E-6	7592957
9.069146926537364E-7	10487842
8.576595855233293E-7	8711797
7.914754032075657E-7	10436115
7.914754032075657E-7	10411341
6.764747042854584E-7	11676291
6.004559873378356E-7	7970234
5.900071266932233E-7	9447442
5.316767834853322E-7	9823831
5.205581989702337E-7	8158175
5.205581989702337E-7	12722493
5.095205287259645E-7	8816305
5.095205287259645E-7	12163621
4.96402067609028E-7	8702415
4.7345057959797596E-7	10448801
4.472836402904997E-7	12876259
4.468537838668524E-7	9221969
4.468537838668524E-7	10944562
4.4603127409340454E-7	12581338
4.4603127409340454E-7	11378241
4.2990536269754865E-7	12417379
4.2244855699649395E-7	7891871
4.086797942739105E-7	7937774
4.086797942739105E-7	7853720
3.847261131845161E-7	8797010
3.815486381165585E-7	9246676
3.815486381165585E-7	9018389
3.815486381165585E-7	8780111
3.081622767388857E-7	7951676
2.9416087401710845E-7	10528114
2.8271276932627276E-7	7617191
1.5645174069193265E-7	10364643
1.5645174069193265E-7	11889238
1.3668293680719353E-7	9369084
1.2831595869675268E-7	9626772
1.2603891903940668E-7	8614504
1.157615892480212E-7	11790212
1.1500069892210733E-7	12947160
8.723126734136137E-8	7486872
8.438835090177745E-8	8525796
8.438835090177745E-8	9292870
8.40250173117815E-8	10208640
8.04865979672589E-8	10214736
7.710188980722664E-8	12457072
7.596514272467374E-8	11790634
7.596514272467374E-8	9848808
7.18162541858061E-8	9470136
6.947556453938052E-8	9916507
6.540343878273848E-8	9222173
6.540343878273848E-8	7884953
5.586578453664503E-8	8848271
5.534165577717884E-8	9343467
5.000734823224138E-8	12232782
4.8555202759741396E-8	8069300
4.8061170448446503E-8	8872415
4.8061170448446503E-8	8929157
4.156969368280641E-8	8624095
3.7815059006599744E-8	11775232
3.1131586407911715E-8	7824157
2.6596795731123553E-8	9876966
2.142661608644855E-8	8871590
1.7836812126534873E-8	8786847
1.7822231082255085E-8	10998553
1.687410147697232E-8	9756330
1.6287433083651053E-8	10525981
1.4843431077183236E-8	7487559
1.4670030216907045E-8	12116196
1.3686547131953322E-8	12105308
1.3312767092219056E-8	9811931
1.3221092412581008E-8	11939894
1.2777547010874733E-8	11113217
1.2655696880410588E-8	8644717
1.259449480743463E-8	9508150
1.2208763125975401E-8	8747858
1.2208763125975401E-8	9427340
1.1633894740704768E-8	10980578
1.1118584515098564E-8	10811879
1.1118584515098564E-8	8592548
1.1118584515098564E-8	9074396
1.0504919309520463E-8	11095526
9.749638723710001E-9	9012418
9.301300203907113E-9	10940674
8.847199442715412E-9	8128960
8.598173579390748E-9	9619639
8.501249139867633E-9	11173876
8.37634633902331E-9	11315514
8.300298408899867E-9	8947284
7.507222008002511E-9	7746463
6.686747591612013E-9	12192621
6.42855998604253E-9	8710077
6.0903113580780674E-9	12962909
5.1317676206383155E-9	9425904
4.2925760984161225E-9	12951193
2.992271743194164E-9	9270069
2.7798216780071177E-9	7847867
2.7070718614633076E-9	8993479
2.141064102250063E-9	10489042
2.0588583052795786E-9	9333264
1.9392031265717886E-9	9539409
1.785836270030269E-9	10454160
1.785836270030269E-9	11231028
1.785836270030269E-9	11041282
1.7597079550233745E-9	7485228
1.7522068975277546E-9	10329743
1.708925890109001E-9	8596269
1.7015681188994098E-9	9347936
1.6574385714082153E-9	9674794
1.6574385714082153E-9	8644745
1.5812210235760451E-9	11129109
1.5533880391552783E-9	9572586
1.5040238947148192E-9	8725748
1.4616894982464642E-9	10500259
1.4616894982464642E-9	10050959
1.4452123436432207E-9	12807963
1.423978867569854E-9	11058789
1.3142083532883625E-9	8047278
1.2762277324110045E-9	7611715
8.724004893605115E-10	10213175
5.548344105647593E-10	10712207
5.020180961326225E-10	7818244
4.884336795008903E-10	9290497
4.725696819473985E-10	10910426
3.5172207539848975E-10	10609670
3.5172207539848975E-10	9674791
3.181638125606437E-10	11076057
3.181638125606437E-10	9341576
2.9915035025620395E-10	9718053
2.9787517049088186E-10	9576554
2.9787517049088186E-10	9218645
2.64075964804615E-10	10027548
2.64075964804615E-10	9637403
2.64075964804615E-10	11436129
2.2341541849233394E-10	7574468
2.1695871298846119E-10	8525799
2.1695871298846119E-10	8651641
1.0817569551205747E-10	9633759
1.0817569551205747E-10	9178861
9.714945807249882E-11	9057170
9.24861639652258E-11	9831992
8.788289126606107E-11	7668835
8.534307574409202E-11	9382479
8.303372493289153E-11	11416775
8.303372493289153E-11	8826994
8.303372493289153E-11	10746604
8.03368453677094E-11	11376902
8.03368453677094E-11	11882744
5.97927523984571E-11	9482681
5.4087847756028735E-11	9350853
5.4087847756028735E-11	10369887
4.4916843446438E-11	12355988
2.382219349551341E-11	9831994
2.382219349551341E-11	9831995
2.382219349551341E-11	9831993
1.4940091410465428E-11	9529753
1.4535818282067478E-11	7944299
1.4115733139607297E-11	7703749
1.4115733139607297E-11	10668705
1.4115733139607297E-11	9785148
1.3845248692076259E-11	9307578
1.3809617803199515E-11	12433263
1.1689184463337796E-11	9052714
1.0164767836459013E-11	8618665
1.0164767836459013E-11	10430421
9.990755961751137E-12	12053131
9.9895555934928E-12	10624576
5.535202516669072E-12	12451676
4.637005493867752E-12	9920359
2.891174233083518E-12	7970216
2.691688365216892E-12	12552037
2.471089090623339E-12	8825898
8.463432571054624E-13	10682216
8.432538461847859E-13	12629906
3.2331128318499926E-13	10488446
2.122339876083069E-13	10349334
1.438783526987614E-13	8980016
5.4962917755891807E-14	8858181
4.153523443547403E-14	9877525
4.033486617713753E-14	11683989
3.6079777640303136E-14	10653281
1.5532483386196236E-14	11535112
9.49744935911654E-15	12788204
7.060989804482348E-15	10961427
2.640522157118523E-15	11122949
0.0	11816794
0.0	9705582
0.0	10918055
0.0	12541014
0.0	11591456
0.0	12882964
0.0	10934557
0.0	8940294
0.0	10400250
0.0	8624098
0.0	9066358
0.0	8624097
0.0	11774713
0.0	12105373
0.0	7814023
0.0	11255448
0.0	8624094
0.0	10953177
0.0	12812866
0.0	9743577
0.0	8559364
0.0	12391602
0.0	12658281
0.0	11113336
0.0	8872419
0.0	10952022
0.0	9697689
0.0	12657430
0.0	10366621
0.0	9596222
0.0	12112161
0.0	9030704
0.0	11755000
0.0	11755001
0.0	10713392
0.0	8961669
0.0	9834545
0.0	11403971
0.0	9447448
0.0	11734357
0.0	10885540
0.0	11925775
0.0	10681402
0.0	9471175
0.0	9708953
0.0	11311545
0.0	9850873
0.0	12634421
0.0	9990558
0.0	12111863
0.0	9628766
0.0	11212354
0.0	9070638
0.0	10567488
0.0	10867200
0.0	11255440
0.0	11143490
0.0	10766403
0.0	10172880
0.0	10851367
0.0	8820179
0.0	9198315
0.0	9073034
0.0	8929997
0.0	11347179
0.0	11305015
0.0	8730823
0.0	12374623
0.0	11861652
0.0	9566379
0.0	10749663
0.0	8177532
0.0	11338204
0.0	9721442
0.0	12657895
0.0	10231806
0.0	9073026
0.0	9751196
0.0	8659934
0.0	8859062
0.0	11501342
0.0	9383026
0.0	10854768
0.0	10400221
0.0	9366728
0.0	10867214
0.0	9520135
0.0	8878109
0.0	11743999
0.0	8890795
0.0	12006218
0.0	11017931
0.0	8756999
0.0	9920995
0.0	10867779
0.0	11007687
0.0	12826741
0.0	9837937
0.0	7972031
0.0	9855543
0.0	9335533
0.0	8905608
0.0	7619525
0.0	10501193
0.0	7566652
0.0	7539827
0.0	8890599
0.0	11132184
0.0	9164326
0.0	7534068
0.0	9327723
0.0	14574626
0.0	11940689
0.0	7615568
0.0	11035488
0.0	11378247
0.0	11358444
0.0	10027555
0.0	11122698
0.0	11904138
0.0	10436064
0.0	10891924
0.0	10372566
0.0	10501182
0.0	9086466
0.0	9125318
0.0	10027549
0.0	9008509
0.0	10854569
0.0	7696597
0.0	9566384
0.0	11940690
0.0	9532343
0.0	11642543
0.0	7818249
0.0	8881379
0.0	9130294
0.0	12824768
0.0	8867021
0.0	10192209
0.0	9341932
0.0	9280168
0.0	9280167
0.0	10685028
0.0	11992623
0.0	10947802
0.0	10822352
0.0	11193147
0.0	9143266
0.0	9325076
0.0	10192208
0.0	8712790
0.0	10559561
0.0	8811124
0.0	8649552
0.0	10571241
0.0	8938267
0.0	9074395
0.0	9143263
0.0	11458997
0.0	11193808
0.0	11193807
0.0	11443731
0.0	11074789
0.0	12384789
0.0	12930057
0.0	9625186
0.0	12182886
0.0	8076181
0.0	11240021
0.0	12074828
0.0	10192210
0.0	10671320
0.0	11701639
0.0	7815043
0.0	10775884
0.0	9782459
0.0	8871952
0.0	7646655
0.0	11256794
0.0	7952845
0.0	12402229
0.0	8154882
0.0	9327086
0.0	10541592
0.0	7729825
0.0	9083560
0.0	11222634
0.0	7763336
0.0	11482130
0.0	9568731
0.0	8843827
0.0	10402500
0.0	8843828
0.0	10401448
0.0	11273064
0.0	8993481
0.0	8854306
0.0	9292886
0.0	10818508
0.0	12490529
0.0	11722612
0.0	10861213
0.0	8171342
0.0	8912482
0.0	12145452
0.0	8803820
0.0	8674441
0.0	8521945
0.0	8993489
0.0	8692753
0.0	12957499
0.0	8158809
0.0	12682309
0.0	9831633
0.0	12117549
0.0	8996815
0.0	12468034
0.0	12957490
0.0	8682150
0.0	11425005
0.0	9137113
0.0	7676127
0.0	8726148
0.0	8841971
0.0	10604441
0.0	11120597
0.0	9328480
0.0	8825894
0.0	10604440
0.0	11673588
0.0	11470958
0.0	10461029
0.0	8309588
0.0	10629142
0.0	8309587
0.0	8803817
0.0	11327877
0.0	11369806
0.0	11715112
0.0	9559926
0.0	9521254
0.0	12873803
0.0	9754236
0.0	9219874
0.0	12007670
0.0	11125748
0.0	7609909
0.0	10320795
0.0	12417380
0.0	10858588
0.0	8830319
0.0	8313935
0.0	10563653
0.0	10076900
0.0	7664194
0.0	12042316
0.0	11305869
0.0	8709704
0.0	8709703
0.0	7755355
0.0	7639323
0.0	10634455
0.0	10408574
0.0	9258256
0.0	10421878
0.0	10737615
0.0	7761390
0.0	12411763
0.0	9619150
0.0	11516561
0.0	8620924
0.0	12037434
0.0	12498968
0.0	9386782
0.0	11721146
0.0	11825674
0.0	8050887
0.0	10322238
0.0	10984073
0.0	12480755
0.0	8848934
0.0	11493026
0.0	11705626
0.0	11302074
0.0	9024330
0.0	8632164
0.0	9106747
0.0	8632166
0.0	7715296
0.0	9598682
0.0	9184634
0.0	10910416
0.0	7619017
0.0	7846048
0.0	12668899
0.0	10765057
0.0	9403708
0.0	11553277
0.0	10785619
0.0	10422994
0.0	9015824
0.0	7488135
0.0	8762193
0.0	7751846
0.0	8858183
0.0	11592113
0.0	8931004
0.0	7654070
0.0	8971103
0.0	12459889
0.0	11869551
0.0	8527231
0.0	12192623
0.0	8047277
0.0	11898555
0.0	9225693
0.0	7922348
0.0	7910910
0.0	9222170
0.0	11303757
0.0	7583250
0.0	9003067
0.0	11934472
0.0	9484353
0.0	12405544
0.0	12782758
0.0	8955927
0.0	9539408
0.0	8622392
0.0	12405546
0.0	12917433
0.0	8846237
0.0	8687416
0.0	10412731
0.0	7977363
0.0	12392766
0.0	9781520
0.0	8058125
0.0	10190820
0.0	11336076
0.0	9258912
0.0	10592634
0.0	7853700
0.0	10599813
0.0	8172944
0.0	11941486
0.0	10998477
0.0	8161573
0.0	9572591
0.0	12533085
0.0	10592684
0.0	12642767
0.0	11060356
0.0	10089003
0.0	10592690
0.0	12231459
0.0	12413003
0.0	10771168
0.0	8892351
0.0	9774779
0.0	8774959
0.0	8710175
0.0	10599878
0.0	11863377
0.0	7673184
0.0	9523562
0.0	11770221
0.0	11807900
0.0	12614323
0.0	8071310
0.0	9152721
0.0	9678311
0.0	8815160
0.0	7909036
0.0	10899434
0.0	12714797
0.0	11445269
0.0	7738980
0.0	10855603
0.0	9514597
0.0	9214529
0.0	11578751
0.0	12095226
0.0	7849527
0.0	12507910
0.0	8128961
0.0	12676346
0.0	9169250
0.0	9003488
0.0	7585009
0.0	8890929
0.0	10970054
0.0	9852204
0.0	12376533
0.0	14501024
0.0	9667569
0.0	11087769
0.0	11087768
0.0	11986126
0.0	9740113
0.0	11333435
0.0	10206226
0.0	9704150
0.0	12573540
0.0	11746653
0.0	9786612
0.0	8083687
0.0	12951205
0.0	8083686
0.0	8083685
0.0	12160362
0.0	12670700
0.0	12637699
0.0	8649585
0.0	10846860
0.0	7574461
0.0	8576504
0.0	12000192
0.0	11804704
0.0	8813351
0.0	10767725
0.0	8631862
0.0	12928512
0.0	8013374
0.0	11409442
0.0	9681639
0.0	11408299
0.0	11715411
0.0	12475089
0.0	8651653
0.0	12169205
0.0	7649988
0.0	11435901
0.0	9213859
0.0	8987775
0.0	8940032
0.0	8619535
0.0	9743563
0.0	9848097
0.0	8804040
0.0	11173877
0.0	7944308
0.0	12212789
0.0	11430905
0.0	7776813
0.0	10403716
0.0	12581343
0.0	11893773
0.0	7765750
0.0	10071711
0.0	10886308
0.0	10071712
0.0	7542371
0.0	9853706
0.0	7550352
0.0	9520001
0.0	7579137
0.0	9213069
0.0	9339270
0.0	7540552
0.0	12971913
0.0	10391478
0.0	11005255
0.0	10766998
0.0	9454617
0.0	12214015
0.0	11930145
0.0	11936240
0.0	8014966
0.0	11110974
0.0	11920850
0.0	10026381
0.0	12453676
0.0	9780089
0.0	11375142
0.0	8058160
0.0	10534164
0.0	9733229
0.0	11523146
0.0	11405810
0.0	9736756
0.0	11589913
0.0	10420066
0.0	12864777
0.0	7888092
0.0	9502209
0.0	9089676
0.0	9185685
0.0	10195399
0.0	8572669
0.0	9326295
0.0	10744589
0.0	7964823
0.0	8899655
0.0	9018400
0.0	11387943
0.0	9583189
0.0	9051750
0.0	10030402
0.0	8044413
0.0	11273849
0.0	10835442
0.0	8546162
0.0	9048759
0.0	12566177
0.0	10822427
0.0	9524247
0.0	12890772
0.0	11589917
0.0	10367700
0.0	12226532
0.0	9812182
0.0	11447828
0.0	9048987
0.0	7770005
0.0	10799751
0.0	11890488
0.0	10936886
0.0	11165374
0.0	10369305
0.0	10860300
0.0	11360807
0.0	9468467
0.0	10419818
0.0	11684351
0.0	7526899
0.0	10806314
0.0	7847865
0.0	9869645
0.0	10197814
0.0	9316155
0.0	11598497
0.0	11099722
0.0	11299424
0.0	10869806
0.0	7823376
0.0	10439444
0.0	9173910
0.0	12876550
0.0	11971084
0.0	10936877
0.0	10507547
0.0	10369830
0.0	9693262
0.0	9113034
0.0	8941642
0.0	12142731
0.0	9153643
0.0	7818703
0.0	9696068
0.0	10207721
0.0	8642164
0.0	12856536
0.0	9549589
0.0	9125900
0.0	12559836
0.0	12722978
0.0	9682830
0.0	8602063
0.0	7700596
0.0	9013407
0.0	7816154
0.0	8042921
0.0	11844869
0.0	7969426
0.0	10946021
0.0	9681640
0.0	14512715
0.0	8173818
0.0	7644022
0.0	9562467
0.0	9129729
0.0	11264988
0.0	10699053
0.0	12495082
0.0	10687744
0.0	12495080
0.0	8183036
0.0	8958361
0.0	10430422
0.0	11840304
0.0	8633046
0.0	7802679
0.0	8554056
0.0	9743578
0.0	9635475
0.0	9295092
0.0	8832646
0.0	10362893
0.0	11125144
0.0	10737693
0.0	12755040
0.0	7969418
0.0	8075646
0.0	9129722
0.0	10593300
0.0	9622609
0.0	8123007
0.0	12552039
0.0	11123907
0.0	11816789
0.0	10593304
0.0	11816788
0.0	11769724
0.0	10354518
0.0	11816786
0.0	9700658
0.0	10534156
0.0	10336256
0.0	7857652
0.0	9929679
0.0	7603172
0.0	9436726
0.0	10766901
0.0	9307262
0.0	9436725
0.0	12393935
0.0	7696609
0.0	10867209
0.0	10637934
0.0	10637933
0.0	9658938
0.0	12465441
0.0	9329722
0.0	9605496
0.0	9929677
0.0	11698153
0.0	12928915
0.0	7700578
0.0	11442298
0.0	12147333
0.0	9148246
0.0	9181359
0.0	9549720
0.0	10818513
0.0	9708864
0.0	12811635
0.0	9307253
0.0	10818510
0.0	11710891
0.0	11673590
0.0	11015454
0.0	10394937
0.0	10732806
0.0	8710076
0.0	11173882
0.0	8185566
0.0	10636159
0.0	9791536
0.0	9929680
0.0	12399018
0.0	8024269
0.0	9649761
0.0	10643890
0.0	9236226
0.0	8912490
0.0	8867586
0.0	8993478
0.0	12761223
0.0	9409253
0.0	10794857
0.0	8624107
0.0	9547165
0.0	9621997
0.0	10559556
0.0	8558171
0.0	11445256
0.0	9772023
0.0	8977148
0.0	11778650
0.0	11790235
0.0	7672107
0.0	12365882
0.0	8993483
0.0	11844476
0.0	10818507
0.0	8993485
0.0	12030413
0.0	9591838
0.0	10625715
0.0	11177205
0.0	12077730
0.0	11016543
0.0	10920030
0.0	12646385
0.0	11851296
0.0	8525803
0.0	8864947
0.0	9689449
0.0	9484359
0.0	8290946
0.0	12849539
0.0	9033259
0.0	9033257
0.0	9826113
0.0	12548360
0.0	9221767
0.0	8128315
0.0	9470130
0.0	7670501
0.0	7936857
0.0	10570509
0.0	10671644
0.0	11574101
0.0	8761338
0.0	10066860
0.0	11738469
0.0	10190327
0.0	11060007
0.0	9259370
0.0	9700655
0.0	9349544
0.0	9224643
0.0	9486747
0.0	9620064
0.0	10935434
0.0	7783958
0.0	11464462
0.0	9647321
0.0	9006661
0.0	9486746
0.0	11425936
0.0	8804993
0.0	7755725
0.0	7891887
0.0	9223597
0.0	8089103
0.0	9546293
0.0	8683540
0.0	11988340
0.0	12237848
0.0	9588907
0.0	9660395
0.0	10570512
0.0	9300650
0.0	7581381
0.0	7783963
0.0	10818534
0.0	12490540
0.0	11285089
0.0	11421127
0.0	8039724
0.0	11711225
0.0	9672379
0.0	7951679
0.0	8782820
0.0	12453673
0.0	8744402
0.0	11071064
0.0	9058415
0.0	8726460
0.0	12834112
0.0	8669075
0.0	11067868
0.0	8829725
0.0	11899259
0.0	9486483
0.0	10078062
0.0	8741132
0.0	9559653
0.0	10587578
0.0	9925654
0.0	9218507
0.0	10823584
0.0	9862642
0.0	9017975
0.0	10815129
0.0	10079115
0.0	9831815
0.0	8744405
0.0	10912224
0.0	10638195
0.0	12394840
0.0	11716140
0.0	14501016
0.0	10818526
0.0	11354629
0.0	8082773
0.0	9386771
0.0	12810610
0.0	8636429
0.0	11173875
0.0	9527138
0.0	7740560
0.0	11464464
0.0	9340870
0.0	12580698
0.0	9340872
0.0	12525890
0.0	9187933
0.0	7724603
0.0	12582468
0.0	7582040
0.0	10534256
0.0	9547474
0.0	8786409
0.0	8602762
0.0	9147873
0.0	10525138
0.0	12095653
0.0	9804121
0.0	12363410
0.0	11558492
0.0	10705163
0.0	12123847
0.0	7668834
0.0	11756600
0.0	11072138
0.0	8915608
0.0	10025785
0.0	11527492
0.0	9853024
0.0	10777685
0.0	12507914
0.0	8295635
0.0	10601411
0.0	12391598
0.0	11161595
0.0	10338292
0.0	11930162
0.0	9577654
0.0	7612383
0.0	7474917
0.0	8741397
0.0	10399868
0.0	7481373
0.0	12011307
0.0	11145984
0.0	8740984
0.0	12957508
0.0	9467014
0.0	11447827
0.0	9165306
0.0	9370233
0.0	12607822
0.0	9174000
0.0	8652146
0.0	11940706
0.0	9700208
0.0	7783869
0.0	9767914
0.0	9285479
0.0	9603433
0.0	12901781
0.0	11556686
0.0	10961667
0.0	12433260
0.0	8075630
0.0	9932417
0.0	12784029
0.0	10936881
0.0	7700274
0.0	10626834
0.0	9740234
0.0	11343837
0.0	11774719
0.0	9482248
0.0	9630508
0.0	7914580
0.0	10679292
0.0	8691961
0.0	9129962
0.0	10737598
0.0	11980062
0.0	9219743
0.0	10599773
0.0	10797593
0.0	8618881
0.0	9667603
0.0	8544551
0.0	11849755
0.0	10230703
0.0	8175773
0.0	11290387
0.0	10411671
0.0	10775535
0.0	10526094
0.0	10488949
0.0	9710033
0.0	9411578
0.0	8761956
0.0	9181358
0.0	10619631
0.0	11357958
0.0	11698154
0.0	9593678
0.0	12806589
0.0	9014911
0.0	9100668
0.0	12226533
0.0	11835370
0.0	9175590
0.0	10079962
0.0	11901276
0.0	12833577
0.0	9305342
0.0	11571321
0.0	8891070
0.0	11257253
0.0	9482249
0.0	12614344
0.0	7821387
0.0	11531831
0.0	8648892
0.0	11408727
0.0	9592052
0.0	10490274
0.0	11739991
0.0	11113612
0.0	8273205
0.0	9329691
0.0	10652986
0.0	10487844
0.0	11454984
0.0	9221977
0.0	9494696
0.0	9398632
0.0	8035940
0.0	11576650
0.0	8086986
0.0	9854388
0.0	7891889
0.0	10670439
0.0	11893834
0.0	10219785
0.0	10959835
0.0	8557181
0.0	11496365
0.0	12536572
0.0	12724118
0.0	11216203
0.0	9326451
0.0	10801051
0.0	7810590
0.0	10737125
0.0	12067484
0.0	10656299
0.0	8309625
0.0	10939571
0.0	10880397
0.0	10582625
0.0	8869295
0.0	10186439
0.0	9017530
0.0	11325345
0.0	9665654
0.0	11032626
0.0	11706973
0.0	11166730
0.0	12809979
0.0	9536100
0.0	10325447
0.0	9237487
0.0	9520072
0.0	10668701
0.0	12123862
0.0	8744406
0.0	12935416
0.0	9786245
0.0	11259129
0.0	12584430
0.0	7566008
0.0	7595656
0.0	7717688
0.0	9536099
0.0	10432380
0.0	10668702
0.0	10319883
0.0	8751868
0.0	9875528
0.0	12459519
0.0	12167762
0.0	14511323
0.0	12128082
0.0	12111439
0.0	10936884
0.0	10360679
0.0	9329486
0.0	7818636
0.0	7879604
0.0	10462111
0.0	9701681
0.0	8786379
0.0	11447826
0.0	7605379
0.0	7478253
0.0	7473659
0.0	11822882
0.0	10494348
0.0	11769625
0.0	11860878
0.0	11835377
0.0	11987699
0.0	8951889
0.0	10898905
0.0	9298817
0.0	12876265
0.0	10873585
0.0	12637119
0.0	12618306
0.0	9041854
0.0	7568158
0.0	10465706
0.0	9121226
0.0	9506546
0.0	7706948
0.0	11769703
0.0	9052712
0.0	9701675
0.0	9153464
0.0	10022033
0.0	11157409
0.0	9718052
0.0	9763475
0.0	11408789
0.0	9147408
0.0	10668703
0.0	8725895
0.0	7713402
0.0	11487050
0.0	8526475
0.0	7728146
0.0	9153535
0.0	11723294
0.0	11882522
0.0	12226534
0.0	8526476
0.0	9424665
0.0	12023056
0.0	8530010
0.0	11936239
0.0	12205106
0.0	10558867
0.0	8679539
0.0	12709467
0.0	9369317
0.0	8880693
0.0	11553788
0.0	11448080
0.0	11684904
0.0	10994644
0.0	11182472
0.0	10208564
0.0	8786396
0.0	8983040
0.0	9153523
0.0	8042228
0.0	10591674
0.0	11732920
0.0	10737120
0.0	11684342
0.0	7898715
0.0	11312553
0.0	8906609
0.0	11248079
0.0	8833436
0.0	12580702
0.0	12384263
0.0	10212558
0.0	9855862
0.0	9562306
0.0	10431657
0.0	7710374
0.0	9836756
0.0	7977635
0.0	11893839
0.0	11702052
0.0	7532337
0.0	9596412
0.0	7810577
0.0	9862571
0.0	9597090
0.0	7710373
0.0	7773573
0.0	10772123
0.0	11069947
0.0	10081980
0.0	12555245
0.0	7920638
0.0	12782345
0.0	9126060
0.0	10936878
0.0	9863603
0.0	10428071
0.0	8733730
0.0	7936253
0.0	8656943
0.0	10352866
0.0	7968026
0.0	11044587
0.0	8757051
0.0	8939277
0.0	10505604
0.0	12230303
0.0	10738542
0.0	8544899
0.0	8823200
0.0	12230301
0.0	12875979
0.0	9469259
0.0	11743951
0.0	12885570
0.0	9844031
0.0	8139083
0.0	8624078
0.0	8773602
0.0	8656944
0.0	10474059
0.0	10088051
0.0	12885574
0.0	11320185
0.0	11513353
0.0	8624080
0.0	9631384
0.0	10194255
0.0	10364640
0.0	10213152
0.0	11378846
0.0	9102150
0.0	12161276
0.0	11172628
0.0	8624079
0.0	11377835
0.0	8682647
0.0	11912108
0.0	7700444
0.0	8937829
0.0	7700597
0.0	9067471
0.0	12559837
0.0	9445249
0.0	9302273
0.0	8676723
0.0	12067591
0.0	11565608
0.0	9066369
0.0	9876967
0.0	12115887
0.0	8773610
0.0	12556576
0.0	7970208
0.0	12946703
0.0	9066363
0.0	11755017
